<?xml version="1.0" encoding="utf-8"?><testsuites name="pytest tests"><testsuite name="pytest" errors="0" failures="1" skipped="0" tests="31" time="9.033" timestamp="2026-07-26T08:32:06.603726+00:00" hostname="agent-env-67cfdf32-e71a-4199-80f8-cf357d4e9e6c"><testcase classname="tests.backend_test" name="test_root" time="0.139" /><testcase classname="tests.backend_test" name="test_login_bad" time="0.532" /><testcase classname="tests.test_iteration2" name="test_create_user_with_permissions_and_mkexec" time="1.690" /><testcase classname="tests.backend_test" name="test_login_admin" time="0.764" /><testcase classname="tests.backend_test" name="test_me_no_token" time="0.092" /><testcase classname="tests.backend_test" name="test_dashboard_stats" time="0.096" /><testcase classname="tests.test_iteration2" name="test_patch_user_permissions_and_mkexec" time="0.894" /><testcase classname="tests.backend_test" name="test_games_admin_create_and_employee_forbidden" time="1.425" /><testcase classname="tests.test_iteration2" name="test_login_default_perms_for_new_employee" time="0.441" /><testcase classname="tests.test_iteration2" name="test_webhook_round_robin_two_execs" time="2.205"><failure message="AssertionError: round-robin unfair: {'a9928709-c9e6-4512-ad59-5039562af6a6': 3, 'c1cb7306-471e-43c0-870f-27ecd3f1417b': 1}&#10;assert (3 == 2)">backend/tests/test_iteration2.py:125: in test_webhook_round_robin_two_execs
    assert counts[e1["id"]] == 2 and counts[e2["id"]] == 2, f"round-robin unfair: {counts}"
E   AssertionError: round-robin unfair: {'a9928709-c9e6-4512-ad59-5039562af6a6': 3, 'c1cb7306-471e-43c0-870f-27ecd3f1417b': 1}
E   assert (3 == 2)</failure></testcase><testcase classname="tests.backend_test" name="test_package_create" time="0.330" /><testcase classname="tests.backend_test" name="test_inquiry_create_and_status" time="0.699" /><testcase classname="tests.backend_test" name="test_inquiry_webhook_whatsapp" time="0.495" /><testcase classname="tests.backend_test" name="test_bill_totals" time="0.098" /><testcase classname="tests.backend_test" name="test_customer_upserted" time="0.189" /><testcase classname="tests.backend_test" name="test_bill_mark_paid_and_dashboard" time="0.232" /><testcase classname="tests.backend_test" name="test_bill_send[whatsapp]" time="0.095" /><testcase classname="tests.backend_test" name="test_bill_send[sms]" time="0.091" /><testcase classname="tests.test_iteration2" name="test_webhook_no_exec_unassigned" time="0.803" /><testcase classname="tests.backend_test" name="test_bill_send[email]" time="0.098" /><testcase classname="tests.backend_test" name="test_attendance_flow" time="0.659" /><testcase classname="tests.backend_test" name="test_settings_admin_only" time="0.440" /><testcase classname="tests.test_iteration2" name="test_assign_and_remarks" time="1.982" /><testcase classname="tests.backend_test" name="test_campaign_admin" time="0.574" /><testcase classname="tests.backend_test" name="test_integrations_status" time="0.094" /><testcase classname="tests.backend_test" name="test_staff_list_admin_only" time="0.274" /><testcase classname="tests.test_iteration2" name="test_bill_per_item_gst_with_percent_discount" time="0.097" /><testcase classname="tests.test_iteration2" name="test_bill_full_percent_discount" time="0.105" /><testcase classname="tests.test_iteration2" name="test_bill_legacy_flat_discount" time="0.095" /><testcase classname="tests.test_iteration2" name="test_bill_legacy_gst_when_no_line_gst" time="0.093" /><testcase classname="tests.test_iteration2" name="test_bill_percent_takes_precedence_over_flat" time="0.095" /></testsuite></testsuites>