<?xml version="1.0" encoding="utf-8"?><testsuites name="pytest tests"><testsuite name="pytest" errors="0" failures="1" skipped="1" tests="5" time="3.224" timestamp="2026-08-03T12:41:37.325806+00:00" hostname="agent-env-67cfdf32-e71a-4199-80f8-cf357d4e9e6c"><testcase classname="tests.test_iter18_item_categories" name="test_games_accept_five_categories" time="1.107" /><testcase classname="tests.test_iter18_item_categories" name="test_games_list_persists" time="0.147" /><testcase classname="tests.test_iter18_item_categories" name="test_package_with_item_derived_split" time="0.291"><failure message="assert 405 == 200&#10; +  where 405 = &lt;Response [405]&gt;.status_code">backend/tests/test_iter18_item_categories.py:100: in test_package_with_item_derived_split
    assert g.status_code == 200
E   assert 405 == 200
E    +  where 405 = &lt;Response [405]&gt;.status_code</failure></testcase><testcase classname="tests.test_iter18_item_categories" name="test_bill_conversion_from_package_split" time="0.195"><skipped type="pytest.skip" message="bills endpoint schema differs: 422 {&quot;detail&quot;:[{&quot;type&quot;:&quot;missing&quot;,&quot;loc&quot;:[&quot;body&quot;,&quot;items&quot;,0,&quot;kind&quot;],&quot;msg&quot;:&quot;Field required&quot;,&quot;input&quot;:{&quot;package_id&quot;:&quot;6acacbe5-0d86-449b-8f2c-a17629b163e1&quot;,&quot;name&quot;:&quot;TEST_ITER18_BILLPKG&quot;,&quot;qty&quot;:1,&quot;unit_price&quot;:750.0">/app/backend/tests/test_iter18_item_categories.py:132: bills endpoint schema differs: 422 {"detail":[{"type":"missing","loc":["body","items",0,"kind"],"msg":"Field required","input":{"package_id":"6acacbe5-0d86-449b-8f2c-a17629b163e1","name":"TEST_ITER18_BILLPKG","qty":1,"unit_price":750.0</skipped></testcase><testcase classname="tests.test_iter18_item_categories" name="test_regression_reports_endpoints" time="0.983" /></testsuite></testsuites>