<?xml version="1.0" encoding="utf-8"?><testsuites name="pytest tests"><testsuite name="pytest" errors="0" failures="0" skipped="0" tests="47" time="11.668" timestamp="2026-07-26T08:47:26.350008+00:00" hostname="agent-env-67cfdf32-e71a-4199-80f8-cf357d4e9e6c"><testcase classname="tests.test_prebookings" name="test_prebook_catalog_public_no_auth" time="0.169" /><testcase classname="tests.backend_test" name="test_root" time="0.110" /><testcase classname="tests.backend_test" name="test_login_bad" time="0.377" /><testcase classname="tests.backend_test" name="test_login_admin" time="0.555" /><testcase classname="tests.test_prebookings" name="test_prebook_create_public_no_auth" time="0.782" /><testcase classname="tests.test_prebookings" name="test_prebook_create_requires_items" time="0.089" /><testcase classname="tests.backend_test" name="test_me_no_token" time="0.094" /><testcase classname="tests.test_prebookings" name="test_prebook_get_by_booking_no_public" time="0.094" /><testcase classname="tests.backend_test" name="test_dashboard_stats" time="0.099" /><testcase classname="tests.test_prebookings" name="test_prebook_get_by_uuid_public" time="0.102" /><testcase classname="tests.test_prebookings" name="test_prebook_get_nonexistent_404" time="0.320" /><testcase classname="tests.test_prebookings" name="test_list_prebookings_requires_auth" time="0.092" /><testcase classname="tests.test_prebookings" name="test_list_prebookings_admin" time="0.240" /><testcase classname="tests.test_prebookings" name="test_status_paid_sets_payment_status" time="0.210" /><testcase classname="tests.backend_test" name="test_games_admin_create_and_employee_forbidden" time="1.172" /><testcase classname="tests.test_prebookings" name="test_status_cancelled_sets_payment_cancelled" time="0.228" /><testcase classname="tests.test_prebookings" name="test_convert_to_bill" time="0.414" /><testcase classname="tests.backend_test" name="test_package_create" time="0.510" /><testcase classname="tests.test_prebookings" name="test_send_prebook_link[whatsapp]" time="0.095" /><testcase classname="tests.test_prebookings" name="test_send_prebook_link[sms]" time="0.093" /><testcase classname="tests.backend_test" name="test_inquiry_create_and_status" time="0.325" /><testcase classname="tests.test_prebookings" name="test_send_prebook_link[email]" time="0.136" /><testcase classname="tests.test_prebookings" name="test_dashboard_has_pending_prebookings" time="0.100" /><testcase classname="tests.test_prebookings" name="test_new_employee_has_prebookings_perm" time="0.635" /><testcase classname="tests.backend_test" name="test_inquiry_webhook_whatsapp" time="0.660" /><testcase classname="tests.test_iteration2" name="test_create_user_with_permissions_and_mkexec" time="1.153" /><testcase classname="tests.backend_test" name="test_bill_totals" time="0.241" /><testcase classname="tests.backend_test" name="test_customer_upserted" time="0.637" /><testcase classname="tests.backend_test" name="test_bill_mark_paid_and_dashboard" time="0.201" /><testcase classname="tests.test_iteration2" name="test_patch_user_permissions_and_mkexec" time="0.521" /><testcase classname="tests.backend_test" name="test_bill_send[whatsapp]" time="0.299" /><testcase classname="tests.backend_test" name="test_bill_send[sms]" time="0.108" /><testcase classname="tests.backend_test" name="test_bill_send[email]" time="0.125" /><testcase classname="tests.test_iteration2" name="test_login_default_perms_for_new_employee" time="0.402" /><testcase classname="tests.backend_test" name="test_attendance_flow" time="0.867" /><testcase classname="tests.test_iteration2" name="test_webhook_round_robin_two_execs" time="2.157" /><testcase classname="tests.backend_test" name="test_settings_admin_only" time="0.596" /><testcase classname="tests.backend_test" name="test_campaign_admin" time="0.279" /><testcase classname="tests.backend_test" name="test_integrations_status" time="0.090" /><testcase classname="tests.backend_test" name="test_staff_list_admin_only" time="0.320" /><testcase classname="tests.test_iteration2" name="test_webhook_no_exec_unassigned" time="0.791" /><testcase classname="tests.test_iteration2" name="test_assign_and_remarks" time="1.806" /><testcase classname="tests.test_iteration2" name="test_bill_per_item_gst_with_percent_discount" time="0.105" /><testcase classname="tests.test_iteration2" name="test_bill_full_percent_discount" time="0.091" /><testcase classname="tests.test_iteration2" name="test_bill_legacy_flat_discount" time="0.095" /><testcase classname="tests.test_iteration2" name="test_bill_legacy_gst_when_no_line_gst" time="0.095" /><testcase classname="tests.test_iteration2" name="test_bill_percent_takes_precedence_over_flat" time="0.090" /></testsuite></testsuites>