<?xml version="1.0" encoding="utf-8"?><testsuites name="pytest tests"><testsuite name="pytest" errors="0" failures="0" skipped="0" tests="11" time="7.529" timestamp="2026-07-26T08:01:48.531072+00:00" hostname="agent-env-67cfdf32-e71a-4199-80f8-cf357d4e9e6c"><testcase classname="tests.test_iteration2" name="test_create_user_with_permissions_and_mkexec" time="1.251" /><testcase classname="tests.test_iteration2" name="test_patch_user_permissions_and_mkexec" time="0.507" /><testcase classname="tests.test_iteration2" name="test_login_default_perms_for_new_employee" time="0.418" /><testcase classname="tests.test_iteration2" name="test_webhook_round_robin_two_execs" time="1.869" /><testcase classname="tests.test_iteration2" name="test_webhook_no_exec_unassigned" time="0.609" /><testcase classname="tests.test_iteration2" name="test_assign_and_remarks" time="1.828" /><testcase classname="tests.test_iteration2" name="test_bill_per_item_gst_with_percent_discount" time="0.095" /><testcase classname="tests.test_iteration2" name="test_bill_full_percent_discount" time="0.095" /><testcase classname="tests.test_iteration2" name="test_bill_legacy_flat_discount" time="0.096" /><testcase classname="tests.test_iteration2" name="test_bill_legacy_gst_when_no_line_gst" time="0.103" /><testcase classname="tests.test_iteration2" name="test_bill_percent_takes_precedence_over_flat" time="0.107" /></testsuite></testsuites>