<?xml version="1.0" encoding="utf-8"?><testsuites name="pytest tests"><testsuite name="pytest" errors="0" failures="0" skipped="0" tests="10" time="4.200" timestamp="2026-08-03T12:15:42.641865+00:00" hostname="agent-env-67cfdf32-e71a-4199-80f8-cf357d4e9e6c"><testcase classname="tests.test_iter17_reports" name="test_sales_report_month" time="0.582" /><testcase classname="tests.test_iter17_reports" name="test_sales_report_custom_range" time="0.105" /><testcase classname="tests.test_iter17_reports" name="test_gstr3b_report" time="0.104" /><testcase classname="tests.test_iter17_reports" name="test_payment_mode" time="0.094" /><testcase classname="tests.test_iter17_reports" name="test_expense_crud" time="0.387" /><testcase classname="tests.test_iter17_reports" name="test_expense_categories_accepted" time="1.686" /><testcase classname="tests.test_iter17_reports" name="test_expense_report" time="0.378" /><testcase classname="tests.test_iter17_reports" name="test_business_xlsx" time="0.571" /><testcase classname="tests.test_iter17_reports" name="test_expenses_requires_auth" time="0.091" /><testcase classname="tests.test_iter17_reports" name="test_reports_requires_auth" time="0.103" /></testsuite></testsuites>