<?xml version="1.0" encoding="utf-8"?><testsuites name="pytest tests"><testsuite name="pytest" errors="0" failures="0" skipped="0" tests="47" time="11.456" timestamp="2026-07-26T09:08:15.059418+00:00" hostname="agent-env-67cfdf32-e71a-4199-80f8-cf357d4e9e6c"><testcase classname="tests.test_prebookings" name="test_prebook_catalog_public_no_auth" time="0.206" /><testcase classname="tests.backend_test" name="test_root" time="0.213" /><testcase classname="tests.backend_test" name="test_login_bad" time="0.560" /><testcase classname="tests.test_prebookings" name="test_prebook_create_public_no_auth" time="0.569" /><testcase classname="tests.test_prebookings" name="test_prebook_create_requires_items" time="0.127" /><testcase classname="tests.test_prebookings" name="test_prebook_get_by_booking_no_public" time="0.234" /><testcase classname="tests.backend_test" name="test_login_admin" time="0.461" /><testcase classname="tests.test_prebookings" name="test_prebook_get_by_uuid_public" time="0.096" /><testcase classname="tests.backend_test" name="test_me_no_token" time="0.119" /><testcase classname="tests.test_prebookings" name="test_prebook_get_nonexistent_404" time="0.093" /><testcase classname="tests.test_prebookings" name="test_list_prebookings_requires_auth" time="0.188" /><testcase classname="tests.backend_test" name="test_dashboard_stats" time="0.095" /><testcase classname="tests.test_prebookings" name="test_list_prebookings_admin" time="0.250" /><testcase classname="tests.test_prebookings" name="test_status_paid_sets_payment_status" time="0.092" /><testcase classname="tests.test_prebookings" name="test_status_cancelled_sets_payment_cancelled" time="0.366" /><testcase classname="tests.backend_test" name="test_games_admin_create_and_employee_forbidden" time="1.130" /><testcase classname="tests.test_prebookings" name="test_convert_to_bill" time="0.424" /><testcase classname="tests.backend_test" name="test_package_create" time="0.314" /><testcase classname="tests.test_prebookings" name="test_send_prebook_link[whatsapp]" time="0.090" /><testcase classname="tests.test_prebookings" name="test_send_prebook_link[sms]" time="0.103" /><testcase classname="tests.test_prebookings" name="test_send_prebook_link[email]" time="0.090" /><testcase classname="tests.backend_test" name="test_inquiry_create_and_status" time="0.460" /><testcase classname="tests.test_prebookings" name="test_dashboard_has_pending_prebookings" time="0.093" /><testcase classname="tests.test_prebookings" name="test_new_employee_has_prebookings_perm" time="0.407" /><testcase classname="tests.backend_test" name="test_inquiry_webhook_whatsapp" time="0.658" /><testcase classname="tests.test_iteration2" name="test_create_user_with_permissions_and_mkexec" time="1.373" /><testcase classname="tests.backend_test" name="test_bill_totals" time="0.306" /><testcase classname="tests.backend_test" name="test_customer_upserted" time="0.403" /><testcase classname="tests.backend_test" name="test_bill_mark_paid_and_dashboard" time="0.403" /><testcase classname="tests.test_iteration2" name="test_patch_user_permissions_and_mkexec" time="0.545" /><testcase classname="tests.backend_test" name="test_bill_send[whatsapp]" time="0.102" /><testcase classname="tests.backend_test" name="test_bill_send[sms]" time="0.096" /><testcase classname="tests.backend_test" name="test_bill_send[email]" time="0.101" /><testcase classname="tests.test_iteration2" name="test_login_default_perms_for_new_employee" time="0.416" /><testcase classname="tests.backend_test" name="test_attendance_flow" time="0.810" /><testcase classname="tests.test_iteration2" name="test_webhook_round_robin_two_execs" time="2.052" /><testcase classname="tests.backend_test" name="test_settings_admin_only" time="0.594" /><testcase classname="tests.backend_test" name="test_campaign_admin" time="0.274" /><testcase classname="tests.backend_test" name="test_integrations_status" time="0.093" /><testcase classname="tests.backend_test" name="test_staff_list_admin_only" time="0.307" /><testcase classname="tests.test_iteration2" name="test_webhook_no_exec_unassigned" time="0.744" /><testcase classname="tests.test_iteration2" name="test_assign_and_remarks" time="1.864" /><testcase classname="tests.test_iteration2" name="test_bill_per_item_gst_with_percent_discount" time="0.098" /><testcase classname="tests.test_iteration2" name="test_bill_full_percent_discount" time="0.095" /><testcase classname="tests.test_iteration2" name="test_bill_legacy_flat_discount" time="0.090" /><testcase classname="tests.test_iteration2" name="test_bill_legacy_gst_when_no_line_gst" time="0.089" /><testcase classname="tests.test_iteration2" name="test_bill_percent_takes_precedence_over_flat" time="0.092" /></testsuite></testsuites>