<?xml version="1.0" encoding="utf-8"?><testsuites name="pytest tests"><testsuite name="pytest" errors="0" failures="0" skipped="0" tests="11" time="4.398" timestamp="2026-07-28T10:48:05.284683+00:00" hostname="agent-env-67cfdf32-e71a-4199-80f8-cf357d4e9e6c"><testcase classname="tests.test_iter15_soft_delete.TestSoftDelete" name="test_default_list_excludes_archived" time="0.452" /><testcase classname="tests.test_iter15_soft_delete.TestSoftDelete" name="test_only_archived_returns_archived_only" time="0.097" /><testcase classname="tests.test_iter15_soft_delete.TestSoftDelete" name="test_include_archived_returns_all" time="0.314" /><testcase classname="tests.test_iter15_soft_delete.TestSoftDelete" name="test_create_then_soft_delete_then_restore_flow" time="0.908" /><testcase classname="tests.test_iter15_soft_delete.TestSoftDelete" name="test_delete_nonexistent_returns_404" time="0.098" /><testcase classname="tests.test_iter15_soft_delete.TestSoftDelete" name="test_restore_nonexistent_returns_404" time="0.108" /><testcase classname="tests.test_iter15_soft_delete.TestSoftDelete" name="test_dashboard_stats_excludes_archived" time="0.513" /><testcase classname="tests.test_iter15_soft_delete.TestSoftDelete" name="test_export_xlsx_excludes_archived" time="0.800" /><testcase classname="tests.test_iter15_soft_delete.TestSoftDelete" name="test_marketing_report_excludes_archived" time="0.448" /><testcase classname="tests.test_iter15_soft_delete.TestSoftDelete" name="test_import_creates_active_not_archived" time="0.392" /><testcase classname="tests.test_iter15_soft_delete.TestSoftDelete" name="test_soft_delete_response_contract" time="0.196" /></testsuite></testsuites>