<?xml version="1.0" encoding="utf-8"?><testsuites name="pytest tests"><testsuite name="pytest" errors="0" failures="0" skipped="0" tests="18" time="3.254" timestamp="2026-07-28T10:19:02.379663+00:00" hostname="agent-env-67cfdf32-e71a-4199-80f8-cf357d4e9e6c"><testcase classname="tests.test_iter14_marketing_report_fair_share.TestRegression" name="test_dashboard_stats" time="0.690" /><testcase classname="tests.test_iter14_marketing_report_fair_share.TestRegression" name="test_dashboard_analytics" time="0.046" /><testcase classname="tests.test_iter14_marketing_report_fair_share.TestMarketingReportPresets" name="test_preset[today-Today]" time="0.849" /><testcase classname="tests.test_iter14_marketing_report_fair_share.TestRegression" name="test_inquiries_list" time="0.046" /><testcase classname="tests.test_iter14_marketing_report_fair_share.TestRegression" name="test_packages_list" time="0.044" /><testcase classname="tests.test_iter14_marketing_report_fair_share.TestRegression" name="test_bills_list" time="0.047" /><testcase classname="tests.test_iter14_marketing_report_fair_share.TestMarketingReportPresets" name="test_preset[week-Last 7 days]" time="0.045" /><testcase classname="tests.test_iter14_marketing_report_fair_share.TestRegression" name="test_settings" time="0.044" /><testcase classname="tests.test_iter14_marketing_report_fair_share.TestMarketingReportPresets" name="test_preset[month-Last 30 days]" time="0.043" /><testcase classname="tests.test_iter14_marketing_report_fair_share.TestRegression" name="test_auth_me" time="0.085" /><testcase classname="tests.test_iter14_marketing_report_fair_share.TestMarketingReportPresets" name="test_preset[year-Last 12 months]" time="0.045" /><testcase classname="tests.test_iter14_marketing_report_fair_share.TestMarketingReportPresets" name="test_preset[all-All time]" time="0.135" /><testcase classname="tests.test_iter14_marketing_report_fair_share.TestMarketingReportXlsx" name="test_xlsx_download" time="0.239" /><testcase classname="tests.test_iter14_marketing_report_fair_share.TestMarketingReportPresets" name="test_executive_fields_shape" time="0.102" /><testcase classname="tests.test_iter14_marketing_report_fair_share.TestMarketingReportPresets" name="test_custom_range_label" time="0.087" /><testcase classname="tests.test_iter14_marketing_report_fair_share.TestFairShareAssignment" name="test_fair_share_distribution" time="1.187" /><testcase classname="tests.test_iter14_marketing_report_fair_share.TestMarketingReportPresets" name="test_conversion_rate_calculation" time="0.046" /><testcase classname="tests.test_iter14_marketing_report_fair_share.TestRemarksAndResponseTime" name="test_remark_updates_report" time="0.309" /></testsuite></testsuites>