<?xml version="1.0" encoding="utf-8"?><testsuites name="pytest tests"><testsuite name="pytest" errors="0" failures="0" skipped="0" tests="19" time="5.142" timestamp="2026-07-30T07:12:02.274307+00:00" hostname="agent-env-67cfdf32-e71a-4199-80f8-cf357d4e9e6c"><testcase classname="tests.test_iter16_bundle" name="test_health_endpoint_no_auth" time="0.250" /><testcase classname="tests.test_iter16_bundle" name="test_create_game_new_categories[rooms-room]" time="0.575" /><testcase classname="tests.test_iter16_bundle" name="test_create_game_new_categories[food-food]" time="0.228" /><testcase classname="tests.test_iter16_bundle" name="test_create_game_new_categories[activities-activity]" time="0.231" /><testcase classname="tests.test_iter16_bundle" name="test_create_game_new_categories[games-activity]" time="0.189" /><testcase classname="tests.test_iter16_bundle" name="test_create_game_new_categories[miscellaneous-other]" time="0.282" /><testcase classname="tests.test_iter16_bundle" name="test_create_game_new_categories[merchandise-merchandise]" time="0.215" /><testcase classname="tests.test_iter16_bundle" name="test_non_cash_paid_requires_audit[rtgs]" time="0.149" /><testcase classname="tests.test_iter16_bundle" name="test_non_cash_paid_requires_audit[netbanking]" time="0.098" /><testcase classname="tests.test_iter16_bundle" name="test_non_cash_paid_requires_audit[cheque]" time="0.097" /><testcase classname="tests.test_iter16_bundle" name="test_non_cash_paid_requires_audit[upi_qr]" time="0.100" /><testcase classname="tests.test_iter16_bundle" name="test_non_cash_paid_requires_audit[card]" time="0.094" /><testcase classname="tests.test_iter16_bundle" name="test_non_cash_paid_with_audit_succeeds[rtgs]" time="0.115" /><testcase classname="tests.test_iter16_bundle" name="test_non_cash_paid_with_audit_succeeds[netbanking]" time="0.094" /><testcase classname="tests.test_iter16_bundle" name="test_non_cash_paid_with_audit_succeeds[cheque]" time="0.123" /><testcase classname="tests.test_iter16_bundle" name="test_cash_paid_does_not_require_audit" time="0.100" /><testcase classname="tests.test_iter16_bundle" name="test_non_cash_pending_does_not_require_audit" time="0.102" /><testcase classname="tests.test_iter16_bundle" name="test_import_xlsx_persists_across_gets" time="0.666" /><testcase classname="tests.test_iter16_bundle" name="test_convert_prebook_returns_bill_id_and_locks" time="1.072" /></testsuite></testsuites>