<?xml version="1.0" encoding="utf-8"?><testsuites name="pytest tests"><testsuite name="pytest" errors="0" failures="0" skipped="0" tests="31" time="9.840" timestamp="2026-07-26T08:21:55.075562+00:00" hostname="agent-env-67cfdf32-e71a-4199-80f8-cf357d4e9e6c"><testcase classname="tests.backend_test" name="test_root" time="0.166" /><testcase classname="tests.backend_test" name="test_login_bad" time="0.528" /><testcase classname="tests.test_iteration2" name="test_create_user_with_permissions_and_mkexec" time="1.713" /><testcase classname="tests.backend_test" name="test_login_admin" time="0.760" /><testcase classname="tests.backend_test" name="test_me_no_token" time="0.124" /><testcase classname="tests.backend_test" name="test_dashboard_stats" time="0.135" /><testcase classname="tests.test_iteration2" name="test_patch_user_permissions_and_mkexec" time="0.662" /><testcase classname="tests.test_iteration2" name="test_login_default_perms_for_new_employee" time="1.096" /><testcase classname="tests.backend_test" name="test_games_admin_create_and_employee_forbidden" time="2.018" /><testcase classname="tests.test_iteration2" name="test_webhook_round_robin_two_execs" time="2.773" /><testcase classname="tests.backend_test" name="test_package_create" time="0.323" /><testcase classname="tests.backend_test" name="test_inquiry_create_and_status" time="0.904" /><testcase classname="tests.backend_test" name="test_inquiry_webhook_whatsapp" time="0.538" /><testcase classname="tests.backend_test" name="test_bill_totals" time="0.091" /><testcase classname="tests.backend_test" name="test_customer_upserted" time="0.185" /><testcase classname="tests.backend_test" name="test_bill_mark_paid_and_dashboard" time="0.223" /><testcase classname="tests.backend_test" name="test_bill_send[whatsapp]" time="0.096" /><testcase classname="tests.backend_test" name="test_bill_send[sms]" time="0.115" /><testcase classname="tests.backend_test" name="test_bill_send[email]" time="0.100" /><testcase classname="tests.test_iteration2" name="test_webhook_no_exec_unassigned" time="0.768" /><testcase classname="tests.backend_test" name="test_attendance_flow" time="0.561" /><testcase classname="tests.backend_test" name="test_settings_admin_only" time="0.463" /><testcase classname="tests.test_iteration2" name="test_assign_and_remarks" time="1.796" /><testcase classname="tests.backend_test" name="test_campaign_admin" time="0.628" /><testcase classname="tests.backend_test" name="test_integrations_status" time="0.091" /><testcase classname="tests.backend_test" name="test_staff_list_admin_only" time="0.353" /><testcase classname="tests.test_iteration2" name="test_bill_per_item_gst_with_percent_discount" time="0.093" /><testcase classname="tests.test_iteration2" name="test_bill_full_percent_discount" time="0.096" /><testcase classname="tests.test_iteration2" name="test_bill_legacy_flat_discount" time="0.100" /><testcase classname="tests.test_iteration2" name="test_bill_legacy_gst_when_no_line_gst" time="0.096" /><testcase classname="tests.test_iteration2" name="test_bill_percent_takes_precedence_over_flat" time="0.092" /></testsuite></testsuites>