<?xml version="1.0" encoding="utf-8"?><testsuites name="pytest tests"><testsuite name="pytest" errors="0" failures="0" skipped="0" tests="23" time="7.664" timestamp="2026-07-26T17:58:55.431604+00:00" hostname="agent-env-67cfdf32-e71a-4199-80f8-cf357d4e9e6c"><testcase classname="tests.backend_test" name="test_root" time="0.159" /><testcase classname="tests.backend_test" name="test_login_bad" time="0.365" /><testcase classname="tests.backend_test" name="test_login_admin" time="0.480" /><testcase classname="tests.backend_test" name="test_me_no_token" time="0.146" /><testcase classname="tests.backend_test" name="test_dashboard_stats" time="0.101" /><testcase classname="tests.backend_test" name="test_games_admin_create_and_employee_forbidden" time="1.170" /><testcase classname="tests.backend_test" name="test_package_create" time="0.382" /><testcase classname="tests.backend_test" name="test_package_category_create_and_update" time="0.531" /><testcase classname="tests.backend_test" name="test_package_no_category_defaults_empty" time="0.300" /><testcase classname="tests.backend_test" name="test_public_book_includes_packages_with_category" time="0.291" /><testcase classname="tests.backend_test" name="test_inquiry_create_and_status" time="0.306" /><testcase classname="tests.backend_test" name="test_inquiry_webhook_whatsapp" time="0.522" /><testcase classname="tests.backend_test" name="test_bill_totals" time="0.115" /><testcase classname="tests.backend_test" name="test_customer_upserted" time="0.212" /><testcase classname="tests.backend_test" name="test_bill_mark_paid_and_dashboard" time="0.193" /><testcase classname="tests.backend_test" name="test_bill_send[whatsapp]" time="0.108" /><testcase classname="tests.backend_test" name="test_bill_send[sms]" time="0.104" /><testcase classname="tests.backend_test" name="test_bill_send[email]" time="0.096" /><testcase classname="tests.backend_test" name="test_attendance_flow" time="0.616" /><testcase classname="tests.backend_test" name="test_settings_admin_only" time="0.299" /><testcase classname="tests.backend_test" name="test_campaign_admin" time="0.316" /><testcase classname="tests.backend_test" name="test_integrations_status" time="0.089" /><testcase classname="tests.backend_test" name="test_staff_list_admin_only" time="0.289" /></testsuite></testsuites>