<?xml version="1.0" encoding="utf-8"?><testsuites name="pytest tests"><testsuite name="pytest" errors="0" failures="0" skipped="0" tests="11" time="2.748" timestamp="2026-07-26T11:04:15.675517+00:00" hostname="agent-env-67cfdf32-e71a-4199-80f8-cf357d4e9e6c"><testcase classname="tests.test_google_review_expansion" name="test_shortlink_expansion_response_structure" time="0.747" /><testcase classname="tests.test_google_review_expansion" name="test_expanded_url_resolves_200" time="0.201" /><testcase classname="tests.test_google_review_expansion" name="test_non_shortlink_passthrough" time="0.199" /><testcase classname="tests.test_google_review_expansion" name="test_invalid_url_does_not_crash" time="0.128" /><testcase classname="tests.test_google_review_expansion" name="test_empty_string_no_expansion" time="0.108" /><testcase classname="tests.test_google_review_expansion" name="test_patch_without_google_review_url_no_expansion" time="0.094" /><testcase classname="tests.test_google_review_expansion" name="test_dashboard_stats" time="0.096" /><testcase classname="tests.test_google_review_expansion" name="test_list_bills" time="0.099" /><testcase classname="tests.test_google_review_expansion" name="test_list_prebookings" time="0.121" /><testcase classname="tests.test_google_review_expansion" name="test_list_staff" time="0.094" /><testcase classname="tests.test_google_review_expansion" name="test_list_attendance" time="0.320" /></testsuite></testsuites>