<?xml version="1.0" encoding="utf-8"?><testsuites name="pytest tests"><testsuite name="pytest" errors="0" failures="0" skipped="0" tests="20" time="7.203" timestamp="2026-07-26T06:17:25.221921+00:00" hostname="agent-env-67cfdf32-e71a-4199-80f8-cf357d4e9e6c"><testcase classname="tests.backend_test" name="test_root" time="0.247" /><testcase classname="tests.backend_test" name="test_login_bad" time="0.377" /><testcase classname="tests.backend_test" name="test_login_admin" time="0.439" /><testcase classname="tests.backend_test" name="test_me_no_token" time="0.100" /><testcase classname="tests.backend_test" name="test_dashboard_stats" time="0.100" /><testcase classname="tests.backend_test" name="test_games_admin_create_and_employee_forbidden" time="1.097" /><testcase classname="tests.backend_test" name="test_package_create" time="0.298" /><testcase classname="tests.backend_test" name="test_inquiry_create_and_status" time="0.295" /><testcase classname="tests.backend_test" name="test_inquiry_webhook_whatsapp" time="0.623" /><testcase classname="tests.backend_test" name="test_bill_totals" time="0.138" /><testcase classname="tests.backend_test" name="test_customer_upserted" time="0.244" /><testcase classname="tests.backend_test" name="test_bill_mark_paid_and_dashboard" time="0.292" /><testcase classname="tests.backend_test" name="test_bill_send[whatsapp]" time="0.125" /><testcase classname="tests.backend_test" name="test_bill_send[sms]" time="0.129" /><testcase classname="tests.backend_test" name="test_bill_send[email]" time="0.116" /><testcase classname="tests.backend_test" name="test_attendance_flow" time="0.727" /><testcase classname="tests.backend_test" name="test_settings_admin_only" time="0.350" /><testcase classname="tests.backend_test" name="test_campaign_admin" time="0.316" /><testcase classname="tests.backend_test" name="test_integrations_status" time="0.101" /><testcase classname="tests.backend_test" name="test_staff_list_admin_only" time="0.374" /></testsuite></testsuites>