<?xml version="1.0" encoding="utf-8"?><testsuites name="pytest tests"><testsuite name="pytest" errors="0" failures="0" skipped="0" tests="16" time="3.294" timestamp="2026-07-27T07:48:49.906625+00:00" hostname="agent-env-67cfdf32-e71a-4199-80f8-cf357d4e9e6c"><testcase classname="tests.test_gst_compliance.TestInquiriesExcel" name="test_export_xlsx" time="1.171" /><testcase classname="tests.test_gst_compliance.TestBillsGST" name="test_bill_package_auto_split_intra" time="1.205" /><testcase classname="tests.test_gst_compliance.TestInquiriesExcel" name="test_template_xlsx_has_examples" time="0.106" /><testcase classname="tests.test_gst_compliance.TestBillsGST" name="test_bill_inter_state_igst" time="0.150" /><testcase classname="tests.test_gst_compliance.TestInquiriesExcel" name="test_import_roundtrip" time="0.257" /><testcase classname="tests.test_gst_compliance.TestBillsGST" name="test_bill_food_game_autofills" time="0.234" /><testcase classname="tests.test_gst_compliance.TestInquiriesExcel" name="test_import_rejects_non_xlsx" time="0.129" /><testcase classname="tests.test_gst_compliance.TestBillsGST" name="test_bill_customer_gstin_uppercased_and_persisted" time="0.501" /><testcase classname="tests.test_gst_compliance.TestSettings" name="test_get_settings_has_firm_fields" time="0.137" /><testcase classname="tests.test_gst_compliance.TestSettings" name="test_patch_settings_persists" time="0.237" /><testcase classname="tests.test_gst_compliance.TestPackages" name="test_package_with_portions" time="0.232" /><testcase classname="tests.test_gst_compliance.TestGamesGST" name="test_food_game_defaults" time="0.196" /><testcase classname="tests.test_gst_compliance.TestPackages" name="test_package_without_portions_defaults" time="0.186" /><testcase classname="tests.test_gst_compliance.TestGamesGST" name="test_activity_game_defaults" time="0.194" /><testcase classname="tests.test_gst_compliance.TestRegression" name="test_dashboard_stats" time="0.102" /><testcase classname="tests.test_gst_compliance.TestRegression" name="test_list_bills_ok" time="0.109" /></testsuite></testsuites>