<?xml version="1.0" encoding="utf-8"?><testsuites name="pytest tests"><testsuite name="pytest" errors="0" failures="0" skipped="0" tests="10" time="7.041" timestamp="2026-07-27T12:00:58.568429+00:00" hostname="agent-env-67cfdf32-e71a-4199-80f8-cf357d4e9e6c"><testcase classname="tests.test_iter13_gst_split_and_lenient_import" name="test_pkg_4category_gst_split_expands_to_4_lines" time="0.778" /><testcase classname="tests.test_iter13_gst_split_and_lenient_import" name="test_pkg_merchandise_and_other_categories" time="0.339" /><testcase classname="tests.test_iter13_gst_split_and_lenient_import" name="test_legacy_food_activity_portion_still_splits" time="0.321" /><testcase classname="tests.test_iter13_gst_split_and_lenient_import" name="test_import_headerless_with_phone_only_row_becomes_unknown" time="1.166" /><testcase classname="tests.test_iter13_gst_split_and_lenient_import" name="test_import_hindi_header" time="0.608" /><testcase classname="tests.test_iter13_gst_split_and_lenient_import" name="test_import_junk_row_before_header" time="0.602" /><testcase classname="tests.test_iter13_gst_split_and_lenient_import" name="test_import_float_phone_numbers" time="0.502" /><testcase classname="tests.test_iter13_gst_split_and_lenient_import" name="test_import_plus_91_prefix_stripped" time="0.612" /><testcase classname="tests.test_iter13_gst_split_and_lenient_import" name="test_import_source_shortcuts" time="0.852" /><testcase classname="tests.test_iter13_gst_split_and_lenient_import" name="test_import_missing_name_phone_header_does_not_400" time="0.401" /></testsuite></testsuites>