<?xml version="1.0" encoding="utf-8"?><testsuites name="pytest tests"><testsuite name="pytest" errors="0" failures="2" skipped="0" tests="61" time="82.410" timestamp="2026-07-26T12:20:21.207521+00:00" hostname="agent-env-67cfdf32-e71a-4199-80f8-cf357d4e9e6c"><testcase classname="tests.test_prebookings" name="test_prebook_catalog_public_no_auth" time="0.201" /><testcase classname="tests.backend_test" name="test_root" time="0.199" /><testcase classname="tests.backend_test" name="test_login_bad" time="0.318" /><testcase classname="tests.backend_test" name="test_login_admin" time="0.593" /><testcase classname="tests.test_prebookings" name="test_prebook_create_public_no_auth" time="0.823" /><testcase classname="tests.test_prebookings" name="test_prebook_create_requires_items" time="0.088" /><testcase classname="tests.backend_test" name="test_me_no_token" time="0.089" /><testcase classname="tests.test_prebookings" name="test_prebook_get_by_booking_no_public" time="0.132" /><testcase classname="tests.backend_test" name="test_dashboard_stats" time="0.099" /><testcase classname="tests.test_prebookings" name="test_prebook_get_by_uuid_public" time="0.094" /><testcase classname="tests.test_prebookings" name="test_prebook_get_nonexistent_404" time="0.279" /><testcase classname="tests.test_prebookings" name="test_list_prebookings_requires_auth" time="0.311" /><testcase classname="tests.test_prebookings" name="test_list_prebookings_admin" time="0.105" /><testcase classname="tests.backend_test" name="test_games_admin_create_and_employee_forbidden" time="1.014" /><testcase classname="tests.test_prebookings" name="test_status_paid_sets_payment_status" time="0.129" /><testcase classname="tests.test_prebookings" name="test_status_cancelled_sets_payment_cancelled" time="0.185" /><testcase classname="tests.backend_test" name="test_package_create" time="0.313" /><testcase classname="tests.test_prebookings" name="test_convert_to_bill" time="0.441" /><testcase classname="tests.backend_test" name="test_package_category_create_and_update" time="0.135"><failure message="AssertionError: {&quot;detail&quot;:[{&quot;type&quot;:&quot;literal_error&quot;,&quot;loc&quot;:[&quot;body&quot;,&quot;type&quot;],&quot;msg&quot;:&quot;Input should be 'birthday', 'party', 'group' or 'other'&quot;,&quot;input&quot;:&quot;kids&quot;,&quot;ctx&quot;:{&quot;expected&quot;:&quot;'birthday', 'party', 'group' or 'other'&quot;},&quot;url&quot;:&quot;https://errors.pydantic.dev/2.13/v/literal_error&quot;}]}&#10;assert 422 == 200&#10; +  where 422 = &lt;Response [422]&gt;.status_code">backend/tests/backend_test.py:132: in test_package_category_create_and_update
    assert r.status_code == 200, r.text
E   AssertionError: {"detail":[{"type":"literal_error","loc":["body","type"],"msg":"Input should be 'birthday', 'party', 'group' or 'other'","input":"kids","ctx":{"expected":"'birthday', 'party', 'group' or 'other'"},"url":"https://errors.pydantic.dev/2.13/v/literal_error"}]}
E   assert 422 == 200
E    +  where 422 = &lt;Response [422]&gt;.status_code</failure></testcase><testcase classname="tests.backend_test" name="test_package_no_category_defaults_empty" time="0.297" /><testcase classname="tests.test_prebookings" name="test_send_prebook_link[whatsapp]" time="0.139" /><testcase classname="tests.test_prebookings" name="test_send_prebook_link[sms]" time="0.096" /><testcase classname="tests.test_prebookings" name="test_send_prebook_link[email]" time="0.104" /><testcase classname="tests.backend_test" name="test_public_book_includes_packages_with_category" time="0.206"><failure message="assert 404 == 200&#10; +  where 404 = &lt;Response [404]&gt;.status_code">backend/tests/backend_test.py:181: in test_public_book_includes_packages_with_category
    assert rb.status_code == 200
E   assert 404 == 200
E    +  where 404 = &lt;Response [404]&gt;.status_code</failure></testcase><testcase classname="tests.test_prebookings" name="test_dashboard_has_pending_prebookings" time="0.139" /><testcase classname="tests.test_prebookings" name="test_new_employee_has_prebookings_perm" time="0.404" /><testcase classname="tests.backend_test" name="test_inquiry_create_and_status" time="0.706" /><testcase classname="tests.backend_test" name="test_inquiry_webhook_whatsapp" time="0.557" /><testcase classname="tests.test_google_review_expansion" name="test_shortlink_expansion_response_structure" time="1.029" /><testcase classname="tests.backend_test" name="test_bill_totals" time="0.095" /><testcase classname="tests.backend_test" name="test_customer_upserted" time="0.187" /><testcase classname="tests.test_google_review_expansion" name="test_expanded_url_resolves_200" time="0.185" /><testcase classname="tests.backend_test" name="test_bill_mark_paid_and_dashboard" time="0.185" /><testcase classname="tests.test_google_review_expansion" name="test_non_shortlink_passthrough" time="0.193" /><testcase classname="tests.backend_test" name="test_bill_send[whatsapp]" time="0.106" /><testcase classname="tests.test_google_review_expansion" name="test_invalid_url_does_not_crash" time="0.090" /><testcase classname="tests.backend_test" name="test_bill_send[sms]" time="0.094" /><testcase classname="tests.test_google_review_expansion" name="test_empty_string_no_expansion" time="0.095" /><testcase classname="tests.backend_test" name="test_bill_send[email]" time="0.093" /><testcase classname="tests.test_google_review_expansion" name="test_patch_without_google_review_url_no_expansion" time="0.096" /><testcase classname="tests.backend_test" name="test_attendance_flow" time="0.553" /><testcase classname="tests.test_google_review_expansion" name="test_dashboard_stats" time="0.098" /><testcase classname="tests.test_google_review_expansion" name="test_list_bills" time="0.109" /><testcase classname="tests.test_google_review_expansion" name="test_list_prebookings" time="0.088" /><testcase classname="tests.test_google_review_expansion" name="test_list_staff" time="0.098" /><testcase classname="tests.test_google_review_expansion" name="test_list_attendance" time="0.330" /><testcase classname="tests.backend_test" name="test_settings_admin_only" time="0.294" /><testcase classname="tests.backend_test" name="test_campaign_admin" time="0.641" /><testcase classname="tests.test_iteration2" name="test_create_user_with_permissions_and_mkexec" time="1.314" /><testcase classname="tests.backend_test" name="test_integrations_status" time="0.094" /><testcase classname="tests.backend_test" name="test_staff_list_admin_only" time="0.438" /><testcase classname="tests.test_iteration2" name="test_patch_user_permissions_and_mkexec" time="0.497" /><testcase classname="tests.test_iteration2" name="test_login_default_perms_for_new_employee" time="0.405" /><testcase classname="tests.test_iteration2" name="test_webhook_round_robin_two_execs" time="2.205" /><testcase classname="tests.test_iteration2" name="test_webhook_no_exec_unassigned" time="0.958" /><testcase classname="tests.test_iteration2" name="test_assign_and_remarks" time="69.899" /><testcase classname="tests.test_iteration2" name="test_bill_per_item_gst_with_percent_discount" time="0.110" /><testcase classname="tests.test_iteration2" name="test_bill_full_percent_discount" time="0.097" /><testcase classname="tests.test_iteration2" name="test_bill_legacy_flat_discount" time="0.095" /><testcase classname="tests.test_iteration2" name="test_bill_legacy_gst_when_no_line_gst" time="0.093" /><testcase classname="tests.test_iteration2" name="test_bill_percent_takes_precedence_over_flat" time="0.097" /></testsuite></testsuites>